This file contains any messages produced by compilers while
running configure, to aid debugging if configure makes a mistake.

It was created by configure, which was
generated by GNU Autoconf 2.69.  Invocation command line was

  $ ./configure --with-php-config=/Applications/MAMP/bin/php/php5.6.10/bin/php-config --enable-vehicles

## --------- ##
## Platform. ##
## --------- ##

hostname = Joshs-MBP.home
uname -m = x86_64
uname -r = 15.0.0
uname -s = Darwin
uname -v = Darwin Kernel Version 15.0.0: Sat Sep 19 15:53:46 PDT 2015; root:xnu-3247.10.11~1/RELEASE_X86_64

/usr/bin/uname -p = i386
/bin/uname -X     = unknown

/bin/arch              = unknown
/usr/bin/arch -k       = unknown
/usr/convex/getsysinfo = unknown
/usr/bin/hostinfo      = Mach kernel version:
	 Darwin Kernel Version 15.0.0: Sat Sep 19 15:53:46 PDT 2015; root:xnu-3247.10.11~1/RELEASE_X86_64
Kernel configured for up to 8 processors.
4 processors are physically available.
8 processors are logically available.
Processor type: x86_64h (Intel x86-64h Haswell)
Processors active: 0 1 2 3 4 5 6 7
Primary memory available: 16.00 gigabytes
Default processor set: 316 tasks, 1402 threads, 8 processors
Load average: 0.75, Mach factor: 7.24
/bin/machine           = unknown
/usr/bin/oslevel       = unknown
/bin/universe          = unknown

PATH: /Users/joshuabernitt/.rvm/gems/ruby-2.0.0-p247/bin
PATH: /Users/joshuabernitt/.rvm/gems/ruby-2.0.0-p247@global/bin
PATH: /Users/joshuabernitt/.rvm/rubies/ruby-2.0.0-p247/bin
PATH: /Users/joshuabernitt/.rvm/bin
PATH: /usr/local/bin
PATH: /usr/bin
PATH: /bin
PATH: /usr/sbin
PATH: /sbin
PATH: /opt/X11/bin
PATH: /usr/local/go/bin
PATH: /Applications/Emacs.app/Contents/MacOS/bin-x86_64-10_9
PATH: /Applications/Emacs.app/Contents/MacOS/libexec-x86_64-10_9
PATH: /usr/local/lib/
PATH: /Users/joshuabernitt/.composer/vendor/bin
PATH: /Users/joshuabernitt/.meteor
PATH: /usr/local/bin
PATH: /usr/local/lib/
PATH: /Users/joshuabernitt/.composer/vendor/bin
PATH: /Users/joshuabernitt/.meteor
PATH: /Users/joshuabernitt/.rvm/bin


## ----------- ##
## Core tests. ##
## ----------- ##

configure:2380: checking for grep that handles long lines and -e
configure:2438: result: /usr/bin/grep
configure:2443: checking for egrep
configure:2505: result: /usr/bin/grep -E
configure:2510: checking for a sed that does not truncate output
configure:2564: result: /usr/bin/sed
configure:2696: checking for cc
configure:2712: found /usr/bin/cc
configure:2723: result: cc
configure:2754: checking for C compiler version
configure:2763: cc --version >&5
Apple LLVM version 7.0.0 (clang-700.1.76)
Target: x86_64-apple-darwin15.0.0
Thread model: posix
configure:2774: $? = 0
configure:2763: cc -v >&5
Apple LLVM version 7.0.0 (clang-700.1.76)
Target: x86_64-apple-darwin15.0.0
Thread model: posix
configure:2774: $? = 0
configure:2763: cc -V >&5
clang: error: argument to '-V' is missing (expected 1 value)
clang: error: no input files
configure:2774: $? = 1
configure:2763: cc -qversion >&5
clang: error: unknown argument: '-qversion'
clang: error: no input files
configure:2774: $? = 1
configure:2794: checking whether the C compiler works
configure:2816: cc    conftest.c  >&5
configure:2820: $? = 0
configure:2868: result: yes
configure:2871: checking for C compiler default output file name
configure:2873: result: a.out
configure:2879: checking for suffix of executables
configure:2886: cc -o conftest    conftest.c  >&5
configure:2890: $? = 0
configure:2912: result: 
configure:2934: checking whether we are cross compiling
configure:2942: cc -o conftest    conftest.c  >&5
configure:2946: $? = 0
configure:2953: ./conftest
configure:2957: $? = 0
configure:2972: result: no
configure:2977: checking for suffix of object files
configure:2999: cc -c   conftest.c >&5
configure:3003: $? = 0
configure:3024: result: o
configure:3028: checking whether we are using the GNU C compiler
configure:3047: cc -c   conftest.c >&5
configure:3047: $? = 0
configure:3056: result: yes
configure:3065: checking whether cc accepts -g
configure:3085: cc -c -g  conftest.c >&5
configure:3085: $? = 0
configure:3126: result: yes
configure:3143: checking for cc option to accept ISO C89
configure:3206: cc  -c -g -O2  conftest.c >&5
configure:3206: $? = 0
configure:3219: result: none needed
configure:3245: checking how to run the C preprocessor
configure:3276: cc -E  conftest.c
configure:3276: $? = 0
configure:3290: cc -E  conftest.c
conftest.c:9:10: fatal error: 'ac_nonexistent.h' file not found
#include <ac_nonexistent.h>
         ^
1 error generated.
configure:3290: $? = 1
configure: failed program was:
| /* confdefs.h */
| #define PACKAGE_NAME ""
| #define PACKAGE_TARNAME ""
| #define PACKAGE_VERSION ""
| #define PACKAGE_STRING ""
| #define PACKAGE_BUGREPORT ""
| #define PACKAGE_URL ""
| /* end confdefs.h.  */
| #include <ac_nonexistent.h>
configure:3315: result: cc -E
configure:3335: cc -E  conftest.c
configure:3335: $? = 0
configure:3349: cc -E  conftest.c
conftest.c:9:10: fatal error: 'ac_nonexistent.h' file not found
#include <ac_nonexistent.h>
         ^
1 error generated.
configure:3349: $? = 1
configure: failed program was:
| /* confdefs.h */
| #define PACKAGE_NAME ""
| #define PACKAGE_TARNAME ""
| #define PACKAGE_VERSION ""
| #define PACKAGE_STRING ""
| #define PACKAGE_BUGREPORT ""
| #define PACKAGE_URL ""
| /* end confdefs.h.  */
| #include <ac_nonexistent.h>
configure:3380: checking for icc
configure:3389: result: no
configure:3403: checking for suncc
configure:3412: result: no
configure:3430: checking whether cc understands -c and -o together
configure:3458: cc -c conftest.c -o conftest2.o >&5
configure:3462: $? = 0
configure:3468: cc -c conftest.c -o conftest2.o >&5
configure:3472: $? = 0
configure:3527: result: yes
configure:3541: checking for system library directory
configure:3556: result: lib
configure:3563: checking if compiler supports -R
configure:3582: cc -o conftest -g -O2   conftest.c -R /usr/lib  >&5
warning: unknown remark option '-R' [-Wunknown-warning-option]
1 warning generated.
ld: can't map file, errno=22 file '/Applications/Xcode.app/Contents/Developer/Platforms/MacOSX.platform/Developer/SDKs/MacOSX10.11.sdk/usr/lib' for architecture x86_64
clang: error: linker command failed with exit code 1 (use -v to see invocation)
configure:3582: $? = 1
configure: failed program was:
| /* confdefs.h */
| #define PACKAGE_NAME ""
| #define PACKAGE_TARNAME ""
| #define PACKAGE_VERSION ""
| #define PACKAGE_STRING ""
| #define PACKAGE_BUGREPORT ""
| #define PACKAGE_URL ""
| /* end confdefs.h.  */
| 
| int
| main ()
| {
| 
|   ;
|   return 0;
| }
configure:3592: result: no
configure:3597: checking if compiler supports -Wl,-rpath,
configure:3616: cc -o conftest -g -O2   conftest.c -Wl,-rpath,/usr/lib  >&5
configure:3616: $? = 0
configure:3626: result: yes
configure:3671: checking build system type
configure:3685: result: x86_64-apple-darwin15.0.0
configure:3705: checking host system type
configure:3718: result: x86_64-apple-darwin15.0.0
configure:3738: checking target system type
configure:3751: result: x86_64-apple-darwin15.0.0
configure:3854: checking for PHP prefix
configure:3856: result: /Applications/MAMP/bin/php/php5.6.10
configure:3858: checking for PHP includes
configure:3860: result: -I/Applications/MAMP/bin/php/php5.6.10/include/php -I/Applications/MAMP/bin/php/php5.6.10/include/php/main -I/Applications/MAMP/bin/php/php5.6.10/include/php/TSRM -I/Applications/MAMP/bin/php/php5.6.10/include/php/Zend -I/Applications/MAMP/bin/php/php5.6.10/include/php/ext -I/Applications/MAMP/bin/php/php5.6.10/include/php/ext/date/lib
configure:3862: checking for PHP extension directory
configure:3864: result: /Applications/MAMP/bin/php/php5.6.10/lib/php/extensions/no-debug-non-zts-20131226
configure:3866: checking for PHP installed headers prefix
configure:3868: result: /Applications/MAMP/bin/php/php5.6.10/include/php
configure:3871: checking if debug is enabled
conftest.c:10:10: fatal error: 'main/php_config.h' file not found
#include <main/php_config.h>
         ^
1 error generated.
configure:3897: result: no
configure:3900: checking if zts is enabled
conftest.c:10:10: fatal error: 'main/php_config.h' file not found
#include <main/php_config.h>
         ^
1 error generated.
configure:3926: result: no
configure:3997: checking for re2c
configure:4027: result: no
configure:4052: WARNING: You will need re2c 0.13.4 or later if you want to regenerate PHP parsers.
configure:4066: checking for gawk
configure:4097: result: no
configure:4066: checking for nawk
configure:4097: result: no
configure:4066: checking for awk
configure:4083: found /usr/bin/awk
configure:4094: result: awk
configure:4117: checking if awk is broken
configure:4124: result: no
configure:4137: checking Whether to enable the "vehicles" extension
configure:4176: result: yes, shared
configure:4243: checking for g++
configure:4259: found /usr/bin/g++
configure:4270: result: g++
configure:4297: checking for C++ compiler version
configure:4306: g++ --version >&5
Apple LLVM version 7.0.0 (clang-700.1.76)
Target: x86_64-apple-darwin15.0.0
Thread model: posix
Configured with: --prefix=/Applications/Xcode.app/Contents/Developer/usr --with-gxx-include-dir=/Applications/Xcode.app/Contents/Developer/Platforms/MacOSX.platform/Developer/SDKs/MacOSX10.11.sdk/usr/include/c++/4.2.1
configure:4317: $? = 0
configure:4306: g++ -v >&5
Configured with: --prefix=/Applications/Xcode.app/Contents/Developer/usr --with-gxx-include-dir=/Applications/Xcode.app/Contents/Developer/Platforms/MacOSX.platform/Developer/SDKs/MacOSX10.11.sdk/usr/include/c++/4.2.1
Apple LLVM version 7.0.0 (clang-700.1.76)
Target: x86_64-apple-darwin15.0.0
Thread model: posix
configure:4317: $? = 0
configure:4306: g++ -V >&5
clang: error: argument to '-V' is missing (expected 1 value)
clang: error: no input files
configure:4317: $? = 1
configure:4306: g++ -qversion >&5
clang: error: unknown argument: '-qversion'
clang: error: no input files
configure:4317: $? = 1
configure:4321: checking whether we are using the GNU C++ compiler
configure:4340: g++ -c   conftest.cpp >&5
configure:4340: $? = 0
configure:4349: result: yes
configure:4358: checking whether g++ accepts -g
configure:4378: g++ -c -g  conftest.cpp >&5
configure:4378: $? = 0
configure:4419: result: yes
configure:4447: checking how to run the C++ preprocessor
configure:4474: g++ -E  conftest.cpp
configure:4474: $? = 0
configure:4488: g++ -E  conftest.cpp
conftest.cpp:9:10: fatal error: 'ac_nonexistent.h' file not found
#include <ac_nonexistent.h>
         ^
1 error generated.
configure:4488: $? = 1
configure: failed program was:
| /* confdefs.h */
| #define PACKAGE_NAME ""
| #define PACKAGE_TARNAME ""
| #define PACKAGE_VERSION ""
| #define PACKAGE_STRING ""
| #define PACKAGE_BUGREPORT ""
| #define PACKAGE_URL ""
| /* end confdefs.h.  */
| #include <ac_nonexistent.h>
configure:4513: result: g++ -E
configure:4533: g++ -E  conftest.cpp
configure:4533: $? = 0
configure:4547: g++ -E  conftest.cpp
conftest.cpp:9:10: fatal error: 'ac_nonexistent.h' file not found
#include <ac_nonexistent.h>
         ^
1 error generated.
configure:4547: $? = 1
configure: failed program was:
| /* confdefs.h */
| #define PACKAGE_NAME ""
| #define PACKAGE_TARNAME ""
| #define PACKAGE_VERSION ""
| #define PACKAGE_STRING ""
| #define PACKAGE_BUGREPORT ""
| #define PACKAGE_URL ""
| /* end confdefs.h.  */
| #include <ac_nonexistent.h>
configure:4997: checking for ld used by cc
configure:5064: result: /Applications/Xcode.app/Contents/Developer/Toolchains/XcodeDefault.xctoolchain/usr/bin/ld
configure:5071: checking if the linker (/Applications/Xcode.app/Contents/Developer/Toolchains/XcodeDefault.xctoolchain/usr/bin/ld) is GNU ld
configure:5086: result: no
configure:5091: checking for /Applications/Xcode.app/Contents/Developer/Toolchains/XcodeDefault.xctoolchain/usr/bin/ld option to reload object files
configure:5098: result: -r
configure:5116: checking for BSD-compatible nm
configure:5165: result: /usr/bin/nm
configure:5169: checking whether ln -s works
configure:5173: result: yes
configure:5180: checking how to recognize dependent libraries
configure:5366: result: pass_all
configure:5584: checking for ANSI C header files
configure:5604: cc -c -g -O2  conftest.c >&5
configure:5604: $? = 0
configure:5677: cc -o conftest -g -O2   conftest.c -lstdc++  >&5
configure:5677: $? = 0
configure:5677: ./conftest
configure:5677: $? = 0
configure:5688: result: yes
configure:5701: checking for sys/types.h
configure:5701: cc -c -g -O2  conftest.c >&5
configure:5701: $? = 0
configure:5701: result: yes
configure:5701: checking for sys/stat.h
configure:5701: cc -c -g -O2  conftest.c >&5
configure:5701: $? = 0
configure:5701: result: yes
configure:5701: checking for stdlib.h
configure:5701: cc -c -g -O2  conftest.c >&5
configure:5701: $? = 0
configure:5701: result: yes
configure:5701: checking for string.h
configure:5701: cc -c -g -O2  conftest.c >&5
configure:5701: $? = 0
configure:5701: result: yes
configure:5701: checking for memory.h
configure:5701: cc -c -g -O2  conftest.c >&5
configure:5701: $? = 0
configure:5701: result: yes
configure:5701: checking for strings.h
configure:5701: cc -c -g -O2  conftest.c >&5
configure:5701: $? = 0
configure:5701: result: yes
configure:5701: checking for inttypes.h
configure:5701: cc -c -g -O2  conftest.c >&5
configure:5701: $? = 0
configure:5701: result: yes
configure:5701: checking for stdint.h
configure:5701: cc -c -g -O2  conftest.c >&5
configure:5701: $? = 0
configure:5701: result: yes
configure:5701: checking for unistd.h
configure:5701: cc -c -g -O2  conftest.c >&5
configure:5701: $? = 0
configure:5701: result: yes
configure:5715: checking dlfcn.h usability
configure:5715: cc -c -g -O2  conftest.c >&5
configure:5715: $? = 0
configure:5715: result: yes
configure:5715: checking dlfcn.h presence
configure:5715: cc -E  conftest.c
configure:5715: $? = 0
configure:5715: result: yes
configure:5715: checking for dlfcn.h
configure:5715: result: yes
configure:5735: checking how to run the C++ preprocessor
configure:5801: result: g++ -E
configure:5821: g++ -E  conftest.cpp
configure:5821: $? = 0
configure:5835: g++ -E  conftest.cpp
conftest.cpp:21:10: fatal error: 'ac_nonexistent.h' file not found
#include <ac_nonexistent.h>
         ^
1 error generated.
configure:5835: $? = 1
configure: failed program was:
| /* confdefs.h */
| #define PACKAGE_NAME ""
| #define PACKAGE_TARNAME ""
| #define PACKAGE_VERSION ""
| #define PACKAGE_STRING ""
| #define PACKAGE_BUGREPORT ""
| #define PACKAGE_URL ""
| #define COMPILE_DL_VEHICLES 1
| #define STDC_HEADERS 1
| #define HAVE_SYS_TYPES_H 1
| #define HAVE_SYS_STAT_H 1
| #define HAVE_STDLIB_H 1
| #define HAVE_STRING_H 1
| #define HAVE_MEMORY_H 1
| #define HAVE_STRINGS_H 1
| #define HAVE_INTTYPES_H 1
| #define HAVE_STDINT_H 1
| #define HAVE_UNISTD_H 1
| #define HAVE_DLFCN_H 1
| /* end confdefs.h.  */
| #include <ac_nonexistent.h>
configure:5868: checking the maximum length of command line arguments
configure:5980: result: 196608
configure:5992: checking command to parse /usr/bin/nm output from cc object
configure:6097: g++ -c -g -O2  conftest.cpp >&5
configure:6100: $? = 0
configure:6104: /usr/bin/nm conftest.o \| sed -n -e 's/^.*[ 	]\([BCDEGRST][BCDEGRST]*\)[ 	][ 	]*\([_A-Za-z][_A-Za-z0-9]*\)$/\1 \2 \2/p' \> conftest.nm
configure:6107: $? = 0
cannot find nm_test_var in conftest.nm
configure:6097: g++ -c -g -O2  conftest.cpp >&5
configure:6100: $? = 0
configure:6104: /usr/bin/nm conftest.o \| sed -n -e 's/^.*[ 	]\([BCDEGRST][BCDEGRST]*\)[ 	][ 	]*_\([_A-Za-z][_A-Za-z0-9]*\)$/\1 _\2 \2/p' \> conftest.nm
configure:6107: $? = 0
configure:6159: g++ -o conftest -g -O2   conftest.cpp conftstm.o >&5
configure:6162: $? = 0
configure:6200: result: ok
configure:6204: checking for objdir
configure:6219: result: .libs
configure:6311: checking for ar
configure:6327: found /usr/bin/ar
configure:6338: result: ar
configure:6403: checking for ranlib
configure:6419: found /usr/bin/ranlib
configure:6430: result: ranlib
configure:6495: checking for strip
configure:6511: found /usr/bin/strip
configure:6522: result: strip
configure:6775: checking for dsymutil
configure:6791: found /usr/bin/dsymutil
configure:6802: result: dsymutil
configure:6867: checking for nmedit
configure:6883: found /usr/bin/nmedit
configure:6894: result: nmedit
configure:6917: checking for -single_module linker flag
configure:6938: result: yes
configure:6940: checking for -exported_symbols_list linker flag
configure:6956: g++ -o conftest -g -O2   -Wl,-exported_symbols_list,conftest.sym conftest.cpp -lstdc++  >&5
configure:6959: $? = 0
configure:6973: result: yes
configure:7091: checking if cc supports -fno-rtti -fno-exceptions
configure:7109: cc -c -g -O2  -fno-rtti -fno-exceptions conftest.c >&5
configure:7113: $? = 0
configure:7126: result: yes
configure:7141: checking for cc option to produce PIC
configure:7381: result: -fno-common
configure:7389: checking if cc PIC flag -fno-common works
configure:7407: cc -c -g -O2  -fno-common -DPIC conftest.c >&5
configure:7411: $? = 0
configure:7424: result: yes
configure:7452: checking if cc static flag -static works
configure:7480: result: no
configure:7490: checking if cc supports -c -o file.o
configure:7511: cc -c -g -O2  -o out/conftest2.o conftest.c >&5
configure:7515: $? = 0
configure:7537: result: yes
configure:7563: checking whether the cc linker (/Applications/Xcode.app/Contents/Developer/Toolchains/XcodeDefault.xctoolchain/usr/bin/ld) supports shared libraries
configure:8491: result: yes
configure:8558: checking dynamic linker characteristics
configure:9156: result: darwin15.0.0 dyld
configure:9180: checking how to hardcode library paths into programs
configure:9205: result: immediate
configure:9219: checking whether stripping libraries is possible
configure:9233: result: yes
configure:9741: checking if libtool supports shared libraries
configure:9743: result: yes
configure:9746: checking whether to build shared libraries
configure:9767: result: yes
configure:9770: checking whether to build static libraries
configure:9774: result: no
configure:9869: result:
creating libtool
configure:10460: checking for ld used by g++
configure:10527: result: /Applications/Xcode.app/Contents/Developer/Toolchains/XcodeDefault.xctoolchain/usr/bin/ld
configure:10534: checking if the linker (/Applications/Xcode.app/Contents/Developer/Toolchains/XcodeDefault.xctoolchain/usr/bin/ld) is GNU ld
configure:10549: result: no
configure:10600: checking whether the g++ linker (/Applications/Xcode.app/Contents/Developer/Toolchains/XcodeDefault.xctoolchain/usr/bin/ld) supports shared libraries
configure:11498: result: yes
configure:11519: g++ -c -g -O2  conftest.cpp >&5
configure:11522: $? = 0
configure:11678: checking for g++ option to produce PIC
configure:11968: result: -fno-common
configure:11976: checking if g++ PIC flag -fno-common works
configure:11994: g++ -c -g -O2  -fno-common -DPIC conftest.cpp >&5
configure:11998: $? = 0
configure:12011: result: yes
configure:12039: checking if g++ static flag -static works
configure:12067: result: no
configure:12077: checking if g++ supports -c -o file.o
configure:12098: g++ -c -g -O2  -o out/conftest2.o conftest.cpp >&5
configure:12102: $? = 0
configure:12124: result: yes
configure:12150: checking whether the g++ linker (/Applications/Xcode.app/Contents/Developer/Toolchains/XcodeDefault.xctoolchain/usr/bin/ld) supports shared libraries
configure:12176: result: yes
configure:12243: checking dynamic linker characteristics
configure:12789: result: darwin15.0.0 dyld
configure:12813: checking how to hardcode library paths into programs
configure:12838: result: immediate
configure:13568: creating ./config.status

## ---------------------- ##
## Running config.status. ##
## ---------------------- ##

This file was extended by config.status, which was
generated by GNU Autoconf 2.69.  Invocation command line was

  CONFIG_FILES    = 
  CONFIG_HEADERS  = 
  CONFIG_LINKS    = 
  CONFIG_COMMANDS = 
  $ ./config.status 

on Joshs-MBP.home

config.status:676: creating config.h
config.status:766: config.h is unchanged

## ---------------- ##
## Cache variables. ##
## ---------------- ##

ac_cv_build=x86_64-apple-darwin15.0.0
ac_cv_c_compiler_gnu=yes
ac_cv_cxx_compiler_gnu=yes
ac_cv_env_CCC_set=
ac_cv_env_CCC_value=
ac_cv_env_CC_set=
ac_cv_env_CC_value=
ac_cv_env_CFLAGS_set=
ac_cv_env_CFLAGS_value=
ac_cv_env_CPPFLAGS_set=
ac_cv_env_CPPFLAGS_value=
ac_cv_env_CPP_set=
ac_cv_env_CPP_value=
ac_cv_env_CXXCPP_set=
ac_cv_env_CXXCPP_value=
ac_cv_env_CXXFLAGS_set=
ac_cv_env_CXXFLAGS_value=
ac_cv_env_CXX_set=
ac_cv_env_CXX_value=
ac_cv_env_LDFLAGS_set=
ac_cv_env_LDFLAGS_value=
ac_cv_env_LIBS_set=
ac_cv_env_LIBS_value=
ac_cv_env_build_alias_set=
ac_cv_env_build_alias_value=
ac_cv_env_host_alias_set=
ac_cv_env_host_alias_value=
ac_cv_env_target_alias_set=
ac_cv_env_target_alias_value=
ac_cv_header_dlfcn_h=yes
ac_cv_header_inttypes_h=yes
ac_cv_header_memory_h=yes
ac_cv_header_stdc=yes
ac_cv_header_stdint_h=yes
ac_cv_header_stdlib_h=yes
ac_cv_header_string_h=yes
ac_cv_header_strings_h=yes
ac_cv_header_sys_stat_h=yes
ac_cv_header_sys_types_h=yes
ac_cv_header_unistd_h=yes
ac_cv_host=x86_64-apple-darwin15.0.0
ac_cv_objext=o
ac_cv_path_EGREP='/usr/bin/grep -E'
ac_cv_path_GREP=/usr/bin/grep
ac_cv_prog_AWK=awk
ac_cv_prog_CPP='cc -E'
ac_cv_prog_CXXCPP='g++ -E'
ac_cv_prog_ac_ct_AR=ar
ac_cv_prog_ac_ct_CC=cc
ac_cv_prog_ac_ct_CXX=g++
ac_cv_prog_ac_ct_DSYMUTIL=dsymutil
ac_cv_prog_ac_ct_NMEDIT=nmedit
ac_cv_prog_ac_ct_RANLIB=ranlib
ac_cv_prog_ac_ct_STRIP=strip
ac_cv_prog_cc_c89=
ac_cv_prog_cc_cc_c_o=yes
ac_cv_prog_cc_g=yes
ac_cv_prog_cxx_g=yes
ac_cv_target=x86_64-apple-darwin15.0.0
lt_cv_apple_cc_single_mod=yes
lt_cv_deplibs_check_method=pass_all
lt_cv_file_magic_cmd='$MAGIC_CMD'
lt_cv_file_magic_test_file=
lt_cv_ld_exported_symbols_list=yes
lt_cv_ld_reload_flag=-r
lt_cv_objdir=.libs
lt_cv_path_LD=/Applications/Xcode.app/Contents/Developer/Toolchains/XcodeDefault.xctoolchain/usr/bin/ld
lt_cv_path_LDCXX=/Applications/Xcode.app/Contents/Developer/Toolchains/XcodeDefault.xctoolchain/usr/bin/ld
lt_cv_path_NM=/usr/bin/nm
lt_cv_path_SED=/usr/bin/sed
lt_cv_prog_compiler_c_o=yes
lt_cv_prog_compiler_c_o_CXX=yes
lt_cv_prog_compiler_pic_works=yes
lt_cv_prog_compiler_pic_works_CXX=yes
lt_cv_prog_compiler_rtti_exceptions=yes
lt_cv_prog_compiler_static_works=no
lt_cv_prog_compiler_static_works_CXX=no
lt_cv_prog_gnu_ld=no
lt_cv_prog_gnu_ldcxx=no
lt_cv_sys_global_symbol_pipe='sed -n -e '\''s/^.*[ 	]\([BCDEGRST][BCDEGRST]*\)[ 	][ 	]*_\([_A-Za-z][_A-Za-z0-9]*\)$/\1 _\2 \2/p'\'''
lt_cv_sys_global_symbol_to_c_name_address='sed -n -e '\''s/^: \([^ ]*\) $/  {\"\1\", (lt_ptr) 0},/p'\'' -e '\''s/^[BCDEGRST] \([^ ]*\) \([^ ]*\)$/  {"\2", (lt_ptr) \&\2},/p'\'''
lt_cv_sys_global_symbol_to_cdecl='sed -n -e '\''s/^. .* \(.*\)$/extern int \1;/p'\'''
lt_cv_sys_lib_dlsearch_path_spec='/usr/local/lib /lib /usr/lib'
lt_cv_sys_lib_search_path_spec='/Applications/Xcode.app/Contents/Developer/Toolchains/XcodeDefault.xctoolchain/usr/lib/clang/7.0.0 /usr/local/lib'
lt_cv_sys_max_cmd_len=196608
lt_lt_cv_prog_compiler_c_o='"yes"'
lt_lt_cv_prog_compiler_c_o_CXX='"yes"'
lt_lt_cv_sys_global_symbol_pipe='"sed -n -e '\''s/^.*[ 	]\\([BCDEGRST][BCDEGRST]*\\)[ 	][ 	]*_\\([_A-Za-z][_A-Za-z0-9]*\\)\$/\\1 _\\2 \\2/p'\''"'
lt_lt_cv_sys_global_symbol_to_c_name_address='"sed -n -e '\''s/^: \\([^ ]*\\) \$/  {\\\"\\1\\\", (lt_ptr) 0},/p'\'' -e '\''s/^[BCDEGRST] \\([^ ]*\\) \\([^ ]*\\)\$/  {\"\\2\", (lt_ptr) \\&\\2},/p'\''"'
lt_lt_cv_sys_global_symbol_to_cdecl='"sed -n -e '\''s/^. .* \\(.*\\)\$/extern int \\1;/p'\''"'
php_cv_cc_dashr=no
php_cv_cc_rpath=yes

## ----------------- ##
## Output variables. ##
## ----------------- ##

AR='ar'
AWK='awk'
CC='cc'
CFLAGS='-g -O2'
CONFIGURE_COMMAND=' '\''./configure'\''  '\''--with-php-config=/Applications/MAMP/bin/php/php5.6.10/bin/php-config'\'' '\''--enable-vehicles'\'''
CONFIGURE_OPTIONS=' '\''--with-php-config=/Applications/MAMP/bin/php/php5.6.10/bin/php-config'\'' '\''--enable-vehicles'\'''
CPP='cc -E'
CPPFLAGS=' -DHAVE_CONFIG_H'
CXX='g++'
CXXCPP='g++ -E'
CXXFLAGS='-g -O2'
DEFS='-DHAVE_CONFIG_H'
DSYMUTIL='dsymutil'
ECHO='/bin/echo'
ECHO_C='\c'
ECHO_N=''
ECHO_T=''
EGREP='/usr/bin/grep -E'
EXEEXT=''
GREP='/usr/bin/grep'
LDFLAGS=''
LIBOBJS=''
LIBS='-lstdc++ '
LIBTOOL='$(SHELL) $(top_builddir)/libtool'
LN_S='ln -s'
LTLIBOBJS=''
NMEDIT='nmedit'
OBJEXT='o'
PACKAGE_BUGREPORT=''
PACKAGE_NAME=''
PACKAGE_STRING=''
PACKAGE_TARNAME=''
PACKAGE_URL=''
PACKAGE_VERSION=''
PATH_SEPARATOR=':'
RANLIB='ranlib'
RE2C='exit 0;'
SED='/usr/bin/sed'
SHELL='/bin/sh'
SHLIB_DL_SUFFIX_NAME='so'
SHLIB_SUFFIX_NAME='dylib'
STRIP='strip'
ac_ct_CC='cc'
ac_ct_CXX='g++'
bindir='${exec_prefix}/bin'
build='x86_64-apple-darwin15.0.0'
build_alias=''
build_cpu='x86_64'
build_os='darwin15.0.0'
build_vendor='apple'
datadir='${datarootdir}'
datarootdir='${prefix}/share'
docdir='${datarootdir}/doc/${PACKAGE}'
dvidir='${docdir}'
exec_prefix='$(prefix)'
host='x86_64-apple-darwin15.0.0'
host_alias='x86_64-apple-darwin15.0.0'
host_cpu='x86_64'
host_os='darwin15.0.0'
host_vendor='apple'
htmldir='${docdir}'
includedir='${prefix}/include'
infodir='${datarootdir}/info'
libdir='${exec_prefix}/lib'
libexecdir='${exec_prefix}/libexec'
localedir='${datarootdir}/locale'
localstatedir='${prefix}/var'
mandir='${datarootdir}/man'
oldincludedir='/usr/include'
pdfdir='${docdir}'
prefix='/Applications/MAMP/bin/php/php5.6.10'
program_transform_name='s,x,x,'
psdir='${docdir}'
sbindir='${exec_prefix}/sbin'
sharedstatedir='${prefix}/com'
sysconfdir='${prefix}/etc'
target='x86_64-apple-darwin15.0.0'
target_alias=''
target_cpu='x86_64'
target_os='darwin15.0.0'
target_vendor='apple'

## ----------- ##
## confdefs.h. ##
## ----------- ##

/* confdefs.h */
#define PACKAGE_NAME ""
#define PACKAGE_TARNAME ""
#define PACKAGE_VERSION ""
#define PACKAGE_STRING ""
#define PACKAGE_BUGREPORT ""
#define PACKAGE_URL ""
#define COMPILE_DL_VEHICLES 1
#define STDC_HEADERS 1
#define HAVE_SYS_TYPES_H 1
#define HAVE_SYS_STAT_H 1
#define HAVE_STDLIB_H 1
#define HAVE_STRING_H 1
#define HAVE_MEMORY_H 1
#define HAVE_STRINGS_H 1
#define HAVE_INTTYPES_H 1
#define HAVE_STDINT_H 1
#define HAVE_UNISTD_H 1
#define HAVE_DLFCN_H 1

configure: exit 0
